[www.maks4max.com/index.html]
[backblue.gif]
[fade.gif]
[index.html]
[www.maks4max.com/images/maks4max-logo.png]
[cdnjs.cloudflare.com/ajax/libs/font-awesome/5.13.0/css/all.min.css]
[code.jquery.com/jquery-3.5.1.min.js]
[www.maks4max.com/aboutUs.html]
[www.maks4max.com/images/estate_plan.jpg]
[www.maks4max.com/images/lifeinsurance.jpg]
[www.maks4max.com/images/college_planning.jpg]
[www.maks4max.com/images/Mortgage-Laws.jpg]
[smesouthafrica.co.za/wp-content/uploads/2022/08/business-people-accept-or-confirm-project-on-the-p-2022-02-06-21-55-18-utc-scaled.jpg]
[www.maks4max.com/images/maks4maxBusinessCard.jpg]
[www.maks4max.com/termsAndCondition.html]
[www.maks4max.com/index.html]
[cdnjs.cloudflare.com/ajax/libs/font-awesome/5.13.0/css/all.min.css]
[www.maks4max.com/privacyPolicy.html]
[www.maks4max.com/css/app.css]
[www.maks4max.com/css/styles.css]
[maxcdn.bootstrapcdn.com/font-awesome/4.7.0/css/font-awesome.min.css]
[www.maks4max.com/images/aboutus.jpg]
[www.maks4max.com/aboutUs.html]
[www.maks4max.com/images/4.html]
[www.maks4max.com/images/annuity.html]
[www.maks4max.com/images/Terms-and-conditions-banner.jpg]
[www.maks4max.com/termsAndCondition.html]
[www.maks4max.com/images/privacy-policy-banner.jpg]
[www.maks4max.com/privacyPolicy.html]
[maxcdn.bootstrapcdn.com/font-awesome/4.7.0/css/font-awesome.min.css]
